0 info it worked if it ends with ok
1 verbose cli [ '/usr/local/Cellar/node/4.2.1/bin/node',
1 verbose cli   '/usr/local/bin/npm',
1 verbose cli   'run',
1 verbose cli   'ios' ]
2 info using npm@3.10.8
3 info using node@v4.2.1
4 verbose run-script [ 'preios', 'ios', 'postios' ]
5 info lifecycle CrashAssist@1.0.0~preios: CrashAssist@1.0.0
6 silly lifecycle CrashAssist@1.0.0~preios: no script for preios, continuing
7 info lifecycle CrashAssist@1.0.0~ios: CrashAssist@1.0.0
8 verbose lifecycle CrashAssist@1.0.0~ios: unsafe-perm in lifecycle true
9 verbose lifecycle CrashAssist@1.0.0~ios: PATH: /usr/local/lib/node_modules/npm/bin/node-gyp-bin:/Users/Julian/OneDrive/Meteor/CrashAssist/MobileApp/node_modules/.bin:/usr/local/Cellar/node/4.2.1/bin:/usr/local/bin:/usr/bin:/bin:/usr/sbin:/sbin
10 verbose lifecycle CrashAssist@1.0.0~ios: CWD: /Users/Julian/OneDrive/Meteor/CrashAssist/MobileApp
11 silly lifecycle CrashAssist@1.0.0~ios: Args: [ '-c',
11 silly lifecycle   'meteor run ios --port 4000 --mobile-server localhost:3000' ]
12 silly lifecycle CrashAssist@1.0.0~ios: Returned: code: 254  signal: null
13 info lifecycle CrashAssist@1.0.0~ios: Failed to exec ios script
14 verbose stack Error: CrashAssist@1.0.0 ios: `meteor run ios --port 4000 --mobile-server localhost:3000`
14 verbose stack Exit status 254
14 verbose stack     at EventEmitter.<anonymous> (/usr/local/lib/node_modules/npm/lib/utils/lifecycle.js:255:16)
14 verbose stack     at emitTwo (events.js:87:13)
14 verbose stack     at EventEmitter.emit (events.js:172:7)
14 verbose stack     at ChildProcess.<anonymous> (/usr/local/lib/node_modules/npm/lib/utils/spawn.js:40:14)
14 verbose stack     at emitTwo (events.js:87:13)
14 verbose stack     at ChildProcess.emit (events.js:172:7)
14 verbose stack     at maybeClose (internal/child_process.js:818:16)
14 verbose stack     at Process.ChildProcess._handle.onexit (internal/child_process.js:211:5)
15 verbose pkgid CrashAssist@1.0.0
16 verbose cwd /Users/Julian/OneDrive/Meteor/CrashAssist/MobileApp
17 error Darwin 16.0.0
18 error argv "/usr/local/Cellar/node/4.2.1/bin/node" "/usr/local/bin/npm" "run" "ios"
19 error node v4.2.1
20 error npm  v3.10.8
21 error code ELIFECYCLE
22 error CrashAssist@1.0.0 ios: `meteor run ios --port 4000 --mobile-server localhost:3000`
22 error Exit status 254
23 error Failed at the CrashAssist@1.0.0 ios script 'meteor run ios --port 4000 --mobile-server localhost:3000'.
23 error Make sure you have the latest version of node.js and npm installed.
23 error If you do, this is most likely a problem with the CrashAssist package,
23 error not with npm itself.
23 error Tell the author that this fails on your system:
23 error     meteor run ios --port 4000 --mobile-server localhost:3000
23 error You can get information on how to open an issue for this project with:
23 error     npm bugs CrashAssist
23 error Or if that isn't available, you can get their info via:
23 error     npm owner ls CrashAssist
23 error There is likely additional logging output above.
24 verbose exit [ 1, true ]
